<?xml version="1.0" encoding="UTF-8"?>
<testng-results ignored="0" total="1" passed="1" failed="0" skipped="0">
  <reporter-output>
  </reporter-output>
  <suite started-at="2022-07-24T18:47:14 CDT" name="Suite de pruebas" finished-at="2022-07-24T18:47:17 CDT" duration-ms="3040">
    <groups>
    </groups>
    <test started-at="2022-07-24T18:47:14 CDT" name="Test" finished-at="2022-07-24T18:47:17 CDT" duration-ms="3040">
      <class name="test.TestSigIn">
        <test-method is-config="true" signature="beforeClass()[pri:0, instance:test.TestSigIn@25fb8912]" started-at="2022-07-24T18:47:14 CDT" name="beforeClass" finished-at="2022-07-24T18:47:16 CDT" duration-ms="2565" status="PASS">
          <reporter-output>
          </reporter-output>
        </test-method> <!-- beforeClass -->
        <test-method signature="login()[pri:0, instance:test.TestSigIn@25fb8912]" started-at="2022-07-24T18:47:16 CDT" name="login" finished-at="2022-07-24T18:47:16 CDT" duration-ms="178" status="PASS">
          <reporter-output>
          </reporter-output>
        </test-method> <!-- login -->
        <test-method is-config="true" signature="afterClass()[pri:0, instance:test.TestSigIn@25fb8912]" started-at="2022-07-24T18:47:16 CDT" name="afterClass" finished-at="2022-07-24T18:47:17 CDT" duration-ms="251" status="PASS">
          <reporter-output>
          </reporter-output>
        </test-method> <!-- afterClass -->
      </class> <!-- test.TestSigIn -->
    </test> <!-- Test -->
  </suite> <!-- Suite de pruebas -->
</testng-results>
